signal s0102.sd
type 0
comment created using xlabel Fri Sep 15 22:29:23 2006
comment created using xlabel Thu Apr  4 15:45:36 2002
color 122
font -misc-*-bold-*-*-*-15-*-*-*-*-*-*-*
separator ;
nfields 1
#
    0.823737  122 <IVER_overlap-start>
    1.301505  122 <IVER_overlap-end>
   16.973845  122 <VOICE=modal>
   17.017090  122 <IVER_overlap-start>
   17.260087  122 <VOICE=whisper>
   17.261117  122 <IVER_overlap-end>
   17.978789  122 <VOICE=modal>
   18.203252  122 <VOICE=whisper>
   23.732495  122 <VOICE=modal>
   24.000204  122 <VOICE=whisper>
   27.102552  122 <VOICE=modal>
   27.162272  122 <VOICE=whisper>
   35.747527  122 <VOICE=modal>
   36.297359  122 <VOICE=whisper>
   52.023235  122 <VOICE=modal>
   52.155032  122 <VOICE=whisper>
   55.026468  122 <VOICE=modal>
   55.158801  122 <VOICE=creaky>
   55.747760  122 <VOICE=modal>
   55.999558  122 <VOICE=creaky>
   63.722437  122 <VOICE=modal>
   63.832613  122 <VOICE=creaky>
   75.124971  122 <VOICE=modal>
   75.320610  122 <VOICE=creaky>
   77.647673  122 <VOICE=modal>
   77.717691  122 <VOICE=creaky>
   80.028276  122 <VOICE=modal>
   80.120944  122 <VOICE=whisper>
   81.860030  122 <VOICE=modal>
   82.004181  122 <VOICE=creaky>
   86.767360  122 <IVER_overlap-start>
   87.085526  122 <IVER_overlap-end>
   88.406574  122 <VOICE=modal>
   88.563076  122 <VOICE=creaky>
   89.219142  122 <VOICE=modal>
   89.536283  122 <VOICE=breathy>
   95.975317  122 <voiceless-vowel>
   98.099732  122 <VOICE=modal>
   98.306798  122 <VOICE=creaky>
  110.403679  122 <VOICE=modal>
  110.451834  122 <IVER_overlap-start>
  110.730444  122 <VOICE=breathy>
  110.733884  122 <IVER_overlap-end>
  124.800221  122 <VOICE=modal>
  124.867294  122 <VOICE=whisper>
  125.094982  122 <VOICE=creaky>
  127.801292  122 <VOICE=modal>
  128.526191  122 <VOICE=breathy>
  130.815905  122 <VOICE=modal>
  133.764894  122 <VOICE=breathy>
  150.970601  122 <VOICE=modal>
  151.047132  122 <VOICE=creaky>
  154.226198  122 <voiceless-vowel>
  161.627407  122 <voiceless-vowel>
  206.850425  122 <voiceless-vowel>
  208.850455  122 <VOICE=modal>
  209.013734  122 <VOICE=whisper>
  211.502784  122 <VOICE=modal>
  211.565236  122 <VOICE=creaky>
  211.775167  122 <VOICE=modal>
  211.996384  122 <VOICE=creaky>
  213.971519  122 <CONF=M>
  218.869495  122 <VOICE=modal>
  218.949810  122 <VOICE=creaky>
  219.227823  122 <VOICE=modal>
  219.264891  122 <VOICE=creaky>
  219.820162  122 <IVER_overlap-start>
  219.934532  122 <IVER_overlap-end>
  222.554529  122 <VOICE=modal>
  222.746395  122 <VOICE=creaky>
  228.319675  122 <IVER_overlap-start>
  228.395667  122 <VOICE=modal>
  228.395671  122 <IVER_overlap-end>
  228.531106  122 <VOICE=creaky>
  241.557953  122 <VOICE=modal>
  241.696402  122 <VOICE=creaky>
  242.727236  122 <VOICE=modal>
  244.477399  122 <VOICE=breathy>
  245.455571  122 <VOICE=modal>
  245.570661  122 <VOICE=creaky>
  246.654498  122 <VOICE=modal>
  246.800899  122 <VOICE=creaky>
  249.300469  122 <VOICE=modal>
  249.491989  122 <VOICE=breathy>
  262.038387  122 <VOICE=modal>
  262.299617  122 <VOICE=creaky>
  262.538753  122 <VOICE=modal>
  262.860798  122 <VOICE=creaky>
  263.306237  122 <voiceless-vowel>
  264.794609  122 <voiceless-vowel>
  265.394239  122 <VOICE=modal>
  265.593636  122 <VOICE=creaky>
  266.301675  122 <VOICE=modal>
  266.301675  122 <IVER_overlap-start>
  266.376166  122 <IVER_overlap-end>
  266.377671  122 <VOICE=creaky>
  268.837498  122 <VOICE=modal>
  268.919873  122 <VOICE=creaky>
  271.390455  122 <VOICE=modal>
  271.522132  122 <VOICE=creaky>
  271.940484  122 <VOICE=modal>
  272.189911  122 <VOICE=creaky>
  273.475983  122 <VOICE=modal>
  273.574767  122 <VOICE=creaky>
  274.716940  122 <VOICE=modal>
  274.807552  122 <VOICE=creaky>
  283.521896  122 <VOICE=modal>
  283.954545  122 <VOICE=breathy>
  289.798765  122 <VOICE=modal>
  289.947748  122 <VOICE=whisper>
  293.419929  122 <IVER_overlap-start>
  293.879166  122 <IVER_overlap-end>
  298.717082  122 <VOICE=modal>
  298.916833  122 <VOICE=creaky>
  300.409356  122 <VOICE=modal>
  300.520561  122 <VOICE=creaky>
  302.955135  122 <VOICE=modal>
  303.327868  122 <VOICE=whisper>
  303.455544  122 <VOICE=creaky>
  303.934964  122 <VOICE=modal>
  304.398318  122 <IVER_overlap-start>
  304.608374  122 <VOICE=creaky>
  304.939929  122 <IVER_overlap-end>
  306.115145  122 <VOICE=modal>
  306.336520  122 <VOICE=creaky>
  306.916212  122 <voiceless-vowel>
  307.639724  122 <VOICE=modal>
  307.858016  122 <VOICE=creaky>
  309.222639  122 <VOICE=modal>
  309.904271  122 <VOICE=creaky>
  313.422381  122 <VOICE=modal>
  313.506815  122 <VOICE=creaky>
  317.597844  122 <VOICE=modal>
  317.743027  122 <VOICE=creaky>
  317.971478  122 <VOICE=modal>
  318.169176  122 <VOICE=creaky>
  318.383350  122 <VOICE=modal>
  318.465724  122 <VOICE=creaky>
  321.374617  122 <voiceless-vowel>
  321.704104  122 <voiceless-vowel>
  322.412874  122 <VOICE=modal>
  322.577251  122 <VOICE=creaky>
  324.497558  122 <IVER_overlap-start>
  324.607731  122 <IVER_overlap-start>
  325.471617  122 <VOICE=modal>
  325.772283  122 <VOICE=creaky>
  326.044096  122 <IVER_overlap-start>
  326.117201  122 <IVER_overlap-end>
  327.372851  122 <voiceless-vowel>
  333.135311  122 <voiceless-vowel>
  334.021517  122 <voiceless-vowel>
  336.350407  122 <VOICE=modal>
  336.606789  122 <VOICE=creaky>
  336.733436  122 <VOICE=modal>
  337.910084  122 <VOICE=creaky>
  343.030797  122 <VOICE=modal>
  343.443543  122 <VOICE=creaky>
  347.700214  122 <VOICE=modal>
  347.842310  122 <VOICE=creaky>
  351.343206  122 <VOICE=modal>
  351.629456  122 <VOICE=creaky>
  353.490064  122 <VOICE=modal>
  353.761618  122 <VOICE=creaky>
  355.449543  122 <IVER_overlap-start>
  355.652346  122 <IVER_overlap-end>
  358.434444  122 <VOICE=modal>
  358.865622  122 <VOICE=creaky>
  367.086912  122 <VOICE=modal>
  367.408172  122 <VOICE=breathy>
  395.097801  122 <VOICE=modal>
  395.270782  122 <VOICE=creaky>
  400.481292  122 <VOICE=modal>
  400.664575  122 <VOICE=creaky>
  401.782807  122 <VOICE=modal>
  401.846647  122 <VOICE=creaky>
  403.179038  122 <VOICE=modal>
  403.302600  122 <VOICE=creaky>
  407.538676  122 <VOICE=modal>
  407.647822  122 <VOICE=creaky>
  408.784588  122 <VOICE=modal>
  408.897853  122 <VOICE=creaky>
  414.182235  122 <voiceless-vowel>
  415.246917  122 <VOICE=modal>
  415.844126  122 <VOICE=creaky>
  417.221727  122 <VOICE=modal>
  417.312339  122 <VOICE=creaky>
  418.535598  122 <VOICE=modal>
  418.663278  122 <VOICE=creaky>
  420.920324  122 <VOICE=modal>
  421.573132  122 <VOICE=creaky>
  424.515942  122 <VOICE=modal>
  424.651860  122 <VOICE=creaky>
  436.924636  122 <voiceless-vowel>
  440.550023  122 <VOICE=modal>
  440.563505  122 <CONF=L>
  440.632397  122 <VOICE=creaky>
  440.916589  122 <VOICE=modal>
  441.120465  122 <VOICE=creaky>
  441.526148  122 <VOICE=modal>
  441.750618  122 <VOICE=creaky>
  442.131599  122 <VOICE=modal>
  442.292229  122 <VOICE=creaky>
  444.475136  122 <VOICE=modal>
  444.565748  122 <VOICE=creaky>
  445.173259  122 <VOICE=modal>
  445.253574  122 <VOICE=creaky>
  456.813925  122 <VOICE=modal>
  457.029128  122 <VOICE=creaky>
  461.199305  122 <VOICE=modal>
  462.483309  122 <VOICE=creaky>
  464.195455  122 <VOICE=modal>
  464.265473  122 <VOICE=creaky>
  466.690557  122 <VOICE=modal>
  466.883107  122 <VOICE=creaky>
  470.878204  122 <IVER_overlap-start>
  471.073875  122 <IVER_overlap-end>
  471.610335  122 <VOICE=modal>
  472.017058  122 <VOICE=creaky>
  472.017058  122 <IVER_overlap-start>
  472.332140  122 <IVER_overlap-end>
  487.660931  122 <IVER_overlap-start>
  488.862044  122 <IVER_overlap-end>
  494.675497  122 <VOICE=modal>
  495.070894  122 <VOICE=whisper>
  508.712045  122 <VOICE=modal>
  509.021979  122 <VOICE=creaky>
  510.685227  122 <VOICE=modal>
  510.767601  122 <VOICE=creaky>
  511.684002  122 <VOICE=modal>
  513.102899  122 <VOICE=breathy>
  516.204984  122 <voiceless-vowel>
  516.436977  122 <IVER_overlap-start>
  517.662295  122 <IVER_overlap-end>
  533.695593  122 <VOICE=modal>
  534.213949  122 <VOICE=creaky>
  535.248741  122 <VOICE=modal>
  535.519547  122 <VOICE=creaky>
  536.795687  122 <VOICE=modal>
  537.419672  122 <VOICE=creaky>
  539.361635  122 <VOICE=modal>
  541.503983  122 <VOICE=breathy>
  544.580746  122 <voiceless-vowel>
  544.917757  122 <VOICE=modal>
  545.162821  122 <VOICE=creaky>
  545.374935  122 <VOICE=modal>
  545.438775  122 <VOICE=creaky>
  546.933857  122 <VOICE=modal>
  547.036825  122 <VOICE=creaky>
  548.836692  122 <VOICE=modal>
  549.044687  122 <VOICE=creaky>
  549.236207  122 <VOICE=modal>
  549.427728  122 <VOICE=creaky>
