signal s0101.sd
type 0
comment created using xlabel Wed Oct 11 19:44:54 2006
comment created using xlabel Thu Mar 21 15:22:35 2002
color 122
font -misc-*-bold-*-*-*-15-*-*-*-*-*-*-*
separator ;
nfields 1
#
    6.312724  122 <VOICE=modal>
    6.498730  122 <VOICE=creaky>
   10.887418  122 <VOICE=modal>
   10.973722  122 <VOICE=creaky>
   16.215908  122 <VOICE=modal>
   16.612159  122 <VOICE=creaky>
   23.111580  122 <VOICE=modal>
   23.157052  122 <VOICE=creaky>
   33.046594  122 <VOICE=modal>
   33.204353  122 <VOICE=creaky>
   47.576140  122 <VOICE=modal>
   47.770284  122 <VOICE=creaky>
   47.972238  122 <VOICE=modal>
   48.105015  122 <VOICE=creaky>
   48.272380  122 <voiceless-vowel>
   48.386189  122 <VOICE=modal>
   48.479913  122 <VOICE=creaky>
   49.206280  122 <VOICE=modal>
   49.547706  122 <VOICE=creaky>
   53.178422  122 <VOICE=modal>
   53.592398  122 <VOICE=creaky>
   54.652355  122 <voiceless-vowel>
   54.915677  122 <VOICE=modal>
   55.129905  122 <VOICE=creaky>
   59.524745  122 <VOICE=modal>
   59.715721  122 <VOICE=creaky>
   60.819218  122 <VOICE=modal>
   60.879469  122 <VOICE=creaky>
   61.223127  122 <VOICE=modal>
   61.468596  122 <VOICE=creaky>
   88.160503  122 <voiceless-vowel>
   98.746155  122 <VOICE=modal>
   98.785714  122 <VOICE=creaky>
  100.344916  122 <VOICE=modal>
  100.700953  122 <VOICE=creaky>
  103.243368  122 <VOICE=modal>
  103.492561  122 <VOICE=creaky>
  103.705834  122 <VOICE=modal>
  103.779859  122 <VOICE=creaky>
  103.911784  122 <VOICE=modal>
  104.041511  122 <VOICE=creaky>
  107.965014  122 <voiceless-vowel>
  114.936906  122 <VOICE=modal>
  116.769185  122 <VOICE=modal>
  119.402525  122 <VOICE=modal>
  119.515395  122 <VOICE=creaky>
  121.903138  122 <VOICE=modal>
  122.068594  122 <VOICE=creaky>
  135.515485  122 <VOICE=modal>
  135.823127  122 <VOICE=creaky>
  143.588467  122 <VOICE=modal>
  143.658094  122 <VOICE=creaky>
  149.279498  122 <VOICE=modal>
  149.326404  122 <VOICE=creaky>
  150.337595  122 <VOICE=modal>
  150.491704  122 <VOICE=creaky>
  151.137828  122 <VOICE=modal>
  151.346300  122 <VOICE=creaky>
  155.525335  122 <VOICE=modal>
  155.776727  122 <VOICE=creaky>
  161.970497  122 <VOICE=modal>
  162.514815  122 <VOICE=breathy>
  164.644178  122 <VOICE=modal>
  164.978390  122 <VOICE=creaky>
  191.145782  122 <IVER_overlap-start>
  191.207146  122 <IVER_overlap-end>
  192.569667  122 <IVER_overlap-start>
  192.956031  122 <IVER_overlap-end>
  239.606656  122 <VOICE=modal>
  239.691723  122 <VOICE=creaky>
  239.769421  122 <voiceless-vowel>
  242.502580  122 <VOICE=modal>
  242.667529  122 <VOICE=creaky>
  244.191770  122 <voiceless-vowel>
  246.905435  122 <VOICE=modal>
  247.047480  122 <VOICE=creaky>
  247.758080  122 <VOICE=modal>
  247.811606  122 <VOICE=creaky>
  251.492979  122 <VOICE=modal>
  251.614575  122 <VOICE=creaky>
  252.978615  122 <VOICE=modal>
  253.060044  122 <VOICE=creaky>
  255.068357  122 <VOICE=modal>
  255.169949  122 <VOICE=creaky>
  259.611250  122 <VOICE=modal>
  260.013522  122 <VOICE=creaky>
  260.553744  122 <VOICE=modal>
  260.614554  122 <VOICE=creaky>
  262.903461  122 <VOICE=modal>
  263.082090  122 <VOICE=creaky>
  263.976062  122 <VOICE=modal>
  264.135153  122 <VOICE=creaky>
  275.032993  122 <VOICE=modal>
  275.418220  122 <VOICE=creaky>
  277.312458  122 <VOICE=modal>
  277.501539  122 <VOICE=creaky>
  299.601008  122 <IVER_overlap-start>
  299.821997  122 <IVER_overlap-end>
  304.016892  122 <VOICE=modal>
  304.376137  122 <VOICE=creaky>
  306.344817  122 <VOICE=modal>
  306.396376  122 <VOICE=modal>
  306.971331  122 <VOICE=modal>
  307.531169  122 <VOICE=creaky>
  311.141778  122 <VOICE=modal>
  311.593954  122 <VOICE=creaky>
  313.129535  122 <VOICE=modal>
  313.500117  122 <VOICE=creaky>
  344.585707  122 <VOICE=modal>
  344.665749  122 <VOICE=creaky>
  355.315928  122 <VOICE=modal>
  355.379961  122 <VOICE=creaky>
  355.798549  122 <voiceless-vowel>
  360.941192  122 <VOICE=modal>
  361.237630  122 <voiceless-vowel>
  361.949797  122 <VOICE=breathy>
  389.830325  122 <VOICE=modal>
  390.470526  122 <VOICE=creaky>
  390.919467  122 <VOICE=modal>
  391.174485  122 <VOICE=creaky>
  394.226776  122 <VOICE=modal>
  394.606192  122 <VOICE=creaky>
  407.979090  122 <voiceless-vowel>
  409.766233  122 <VOICE=modal>
  409.937362  122 <VOICE=creaky>
  435.745859  122 <voiceless-vowel>
  435.838762  122 <VOICE=modal>
  435.939198  122 <VOICE=creaky>
  436.588258  122 <VOICE=modal>
  436.699993  122 <VOICE=creaky>
  443.603647  122 <voiceless-vowel>
  444.040810  122 <voiceless-vowel>
  458.735202  122 <VOICE=modal>
  458.929225  122 <VOICE=breathy>
  475.208520  122 <VOICE=modal>
  475.288104  122 <VOICE=creaky>
  479.146732  122 <VOICE=modal>
  479.202022  122 <VOICE=creaky>
  508.296611  122 <voiceless-vowel>
  508.470090  122 <VOICE=modal>
  508.709764  122 <VOICE=creaky>
  512.271775  122 <VOICE=modal>
  512.521721  122 <VOICE=creaky>
  513.508948  122 <VOICE=modal>
  513.591122  122 <VOICE=creaky>
  513.903840  122 <voiceless-vowel>
  513.960905  122 <VOICE=modal>
  514.122970  122 <VOICE=creaky>
  514.233677  122 <voiceless-vowel>
  514.261068  122 <VOICE=modal>
  514.411720  122 <VOICE=creaky>
  515.761883  122 <VOICE=modal>
  515.991286  122 <VOICE=creaky>
  517.020743  122 <VOICE=modal>
  517.221612  122 <VOICE=creaky>
  517.452155  122 <VOICE=modal>
  517.522916  122 <VOICE=creaky>
  517.818576  122 <voiceless-vowel>
  523.461584  122 <voiceless-vowel>
  523.839088  122 <voiceless-vowel>
  529.501622  122 <voiceless-vowel>
  556.482548  122 <IVER_overlap-start>
  556.810533  122 <IVER_overlap-end>
